<?xml version="1.0" encoding="UTF-8"?>
<!-- Generated by org.testng.reporters.JUnitReportReporter -->
<testsuite hostname="DESKTOP-03O7N3O" failures="0" tests="1" name="javascriptPractice.MultipleMethods" time="0.042" errors="0" timestamp="2023-05-30T15:11:48 IST" skipped="0">
  <testcase classname="javascriptPractice.MultipleMethods" name="testMethod" time="0.042"/>
  <system-out/>
</testsuite> <!-- javascriptPractice.MultipleMethods -->
