<?xml version="1.0" encoding="UTF-8"?>
<!-- Generated by org.testng.reporters.JUnitReportReporter -->
<testsuite hostname="DESKTOP-03O7N3O" failures="0" tests="1" name="TestngExample1" time="0.014" errors="0" timestamp="2023-05-24T10:06:08 IST" skipped="0">
  <testcase classname="TestngExample1" name="Update" time="0.014"/>
  <system-out/>
</testsuite> <!-- TestngExample1 -->
