<?xml version="1.0" encoding="UTF-8"?>
<!-- Generated by org.testng.reporters.JUnitReportReporter -->
<testsuite hostname="DESKTOP-03O7N3O" failures="0" tests="1" name="com.hrm.HrHead.Sample1" time="18.481" errors="0" timestamp="2023-05-25T16:21:54 IST" skipped="0">
  <testcase classname="com.hrm.HrHead.Sample1" name="createAdminTest" time="18.481"/>
  <system-out/>
</testsuite> <!-- com.hrm.HrHead.Sample1 -->
