<?xml version="1.0" encoding="UTF-8"?>
<!-- Generated by org.testng.reporters.JUnitReportReporter -->
<testsuite hostname="DESKTOP-03O7N3O" failures="0" tests="1" name="com.hrm.HrHead.ModifyAdminAddedByOneHrHeadAsOtherHrHead" time="14.316" errors="0" timestamp="2023-05-29T11:33:26 IST" skipped="0">
  <testcase classname="com.hrm.HrHead.ModifyAdminAddedByOneHrHeadAsOtherHrHead" name="ModifyAdminAddedByOneHrHeadAsOtherHrHeadTest" time="14.316"/>
  <system-out/>
</testsuite> <!-- com.hrm.HrHead.ModifyAdminAddedByOneHrHeadAsOtherHrHead -->
