<?xml version="1.0" encoding="UTF-8"?>
<!-- Generated by org.testng.reporters.JUnitReportReporter -->
<testsuite hostname="DESKTOP-03O7N3O" failures="0" tests="1" name="com.hrm.HrHead.DeleteAdminAddedByOneHrHeadAsOtherHrHead" time="61.903" errors="0" timestamp="2023-05-29T12:33:16 IST" skipped="0">
  <testcase classname="com.hrm.HrHead.DeleteAdminAddedByOneHrHeadAsOtherHrHead" name="DeleteAdminAddedByOneHrHeadAsOtherHrHeadTest" time="61.903"/>
  <system-out/>
</testsuite> <!-- com.hrm.HrHead.DeleteAdminAddedByOneHrHeadAsOtherHrHead -->
