<?xml version="1.0" encoding="UTF-8"?>
<!-- Generated by org.testng.reporters.JUnitReportReporter -->
<testsuite hostname="DESKTOP-03O7N3O" failures="0" tests="1" name="com.hrm.HrHead.ModifyEmployeeAddedByOneHrHeadAsOtherHrHead" time="50.123" errors="0" timestamp="2023-05-30T12:09:00 IST" skipped="0">
  <testcase classname="com.hrm.HrHead.ModifyEmployeeAddedByOneHrHeadAsOtherHrHead" name="ModifyEmployeeAddedByOneHrHeadAsOtherHrHeadTest" time="50.123"/>
  <system-out/>
</testsuite> <!-- com.hrm.HrHead.ModifyEmployeeAddedByOneHrHeadAsOtherHrHead -->
