<?xml version="1.0" encoding="UTF-8"?>
<!-- Generated by org.testng.reporters.JUnitReportReporter -->
<testsuite hostname="DESKTOP-03O7N3O" failures="0" tests="4" name="javascriptPractice.Sample1" time="0.033" errors="0" timestamp="2023-05-26T16:18:40 IST" skipped="0">
  <testcase classname="javascriptPractice.Sample1" name="b" time="0.025"/>
  <system-out/>
  <testcase classname="javascriptPractice.Sample1" name="D" time="0.002"/>
  <system-out/>
  <testcase classname="javascriptPractice.Sample1" name="c" time="0.003"/>
  <system-out/>
  <testcase classname="javascriptPractice.Sample1" name="A" time="0.003"/>
  <system-out/>
</testsuite> <!-- javascriptPractice.Sample1 -->
