<?xml version="1.0" encoding="UTF-8"?>
<!-- Generated by org.testng.reporters.JUnitReportReporter -->
<testsuite hostname="DESKTOP-03O7N3O" failures="0" tests="1" name="com.hrm.HrHead.DownloadEmployeeDataOfAnEmployeeAddedByOneHrHeadAsOtherHrHead" time="42.199" errors="0" timestamp="2023-05-30T12:24:41 IST" skipped="0">
  <testcase classname="com.hrm.HrHead.DownloadEmployeeDataOfAnEmployeeAddedByOneHrHeadAsOtherHrHead" name="DownloadEmployeeDataOfAnEmployeeAddedByOneHrHeadAsOtherHrHeadTest" time="42.199"/>
  <system-out/>
</testsuite> <!-- com.hrm.HrHead.DownloadEmployeeDataOfAnEmployeeAddedByOneHrHeadAsOtherHrHead -->
